<?xml version="1.0" encoding="UTF-8"?>
<!-- Generated by org.testng.reporters.JUnitXMLReporter -->
<testsuite ignored="1" hostname="DESKTOP-18SLMS7" failures="1" tests="1" name="Default test(failed)" time="0.066" errors="0" timestamp="2021-07-30T15:11:23 IST">
  <testcase classname="TestScripts.Test_Login_Changepwd" name="login_Change_pwd" time="0.008">
    <failure type="java.lang.NullPointerException" message="Cannot invoke &amp;quot;com.aventstack.extentreports.ExtentTest.assignAuthor(String[])&amp;quot; because &amp;quot;TestScripts.Test_Login_Changepwd.test&amp;quot; is null">
      <![CDATA[java.lang.NullPointerException: Cannot invoke "com.aventstack.extentreports.ExtentTest.assignAuthor(String[])" because "TestScripts.Test_Login_Changepwd.test" is null
at TestScripts.Test_Login_Changepwd.login_Change_pwd(Test_Login_Changepwd.java:55)
at java.base/java.util.ArrayList.forEach(ArrayList.java:1511)
... Removed 27 stack frames]]>
    </failure>
  </testcase> <!-- login_Change_pwd -->
  <testcase classname="TestScripts.Test_Login_Changepwd" name="config" time="0.0">
    <ignored/>
  </testcase> <!-- config -->
</testsuite> <!-- Default test(failed) -->
