<?xml version="1.0" encoding="UTF-8"?>
<testng-results ignored="0" total="1" passed="1" failed="0" skipped="0">
  <reporter-output>
  </reporter-output>
  <suite started-at="2021-08-06T00:54:20 IST" name="Suite3" finished-at="2021-08-06T00:54:35 IST" duration-ms="14615">
    <groups>
    </groups>
    <test started-at="2021-08-06T00:54:20 IST" name="Test3" finished-at="2021-08-06T00:54:35 IST" duration-ms="14615">
      <class name="tests.contactUsTest">
        <test-method is-config="true" signature="setup()[pri:0, instance:tests.contactUsTest@3e92efc3]" started-at="2021-08-06T00:54:17 IST" name="setup" finished-at="2021-08-06T00:54:20 IST" duration-ms="3395" status="PASS">
          <reporter-output>
          </reporter-output>
        </test-method> <!-- setup -->
        <test-method signature="logintest()[pri:0, instance:tests.contactUsTest@3e92efc3]" started-at="2021-08-06T00:54:20 IST" name="logintest" finished-at="2021-08-06T00:54:35 IST" duration-ms="14584" status="PASS">
          <reporter-output>
          </reporter-output>
        </test-method> <!-- logintest -->
        <test-method is-config="true" signature="tearDown()[pri:0, instance:tests.contactUsTest@3e92efc3]" started-at="2021-08-06T00:54:35 IST" name="tearDown" finished-at="2021-08-06T00:54:36 IST" duration-ms="548" status="PASS">
          <reporter-output>
          </reporter-output>
        </test-method> <!-- tearDown -->
      </class> <!-- tests.contactUsTest -->
    </test> <!-- Test3 -->
  </suite> <!-- Suite3 -->
</testng-results>
