<?xml version="1.0" encoding="UTF-8"?>
<testng-results ignored="0" total="2" passed="2" failed="0" skipped="0">
  <reporter-output>
  </reporter-output>
  <suite started-at="2021-07-31T15:30:31 IST" name="Default suite" finished-at="2021-07-31T15:31:26 IST" duration-ms="54513">
    <groups>
    </groups>
    <test started-at="2021-07-31T15:30:31 IST" name="Default test" finished-at="2021-07-31T15:31:26 IST" duration-ms="54513">
      <class name="TestScripts.Test_Login_Changepwd">
        <test-method is-config="true" signature="setup()[pri:0, instance:TestScripts.Test_Login_Changepwd@242b836]" started-at="2021-07-31T15:30:28 IST" name="setup" finished-at="2021-07-31T15:30:31 IST" duration-ms="3304" status="PASS">
          <reporter-output>
          </reporter-output>
        </test-method> <!-- setup -->
        <test-method signature="config()[pri:0, instance:TestScripts.Test_Login_Changepwd@242b836]" started-at="2021-07-31T15:30:31 IST" name="config" finished-at="2021-07-31T15:30:31 IST" duration-ms="18" status="PASS">
          <reporter-output>
          </reporter-output>
        </test-method> <!-- config -->
        <test-method signature="login_Change_pwd()[pri:0, instance:TestScripts.Test_Login_Changepwd@242b836]" started-at="2021-07-31T15:30:31 IST" name="login_Change_pwd" finished-at="2021-07-31T15:31:26 IST" duration-ms="54420" status="PASS">
          <reporter-output>
          </reporter-output>
        </test-method> <!-- login_Change_pwd -->
        <test-method is-config="true" signature="tearDown()[pri:0, instance:TestScripts.Test_Login_Changepwd@242b836]" started-at="2021-07-31T15:31:26 IST" name="tearDown" finished-at="2021-07-31T15:31:27 IST" duration-ms="984" status="PASS">
          <reporter-output>
          </reporter-output>
        </test-method> <!-- tearDown -->
      </class> <!-- TestScripts.Test_Login_Changepwd -->
    </test> <!-- Default test -->
  </suite> <!-- Default suite -->
</testng-results>
